<?xml version="1.0" encoding="UTF-8"?>
<testng-results skipped="0" failed="0" ignored="0" total="1" passed="1">
  <reporter-output>
  </reporter-output>
  <suite name="Default suite" duration-ms="25144" started-at="2018-06-26T11:57:06Z" finished-at="2018-06-26T11:57:32Z">
    <groups>
    </groups>
    <test name="Default test" duration-ms="25144" started-at="2018-06-26T11:57:06Z" finished-at="2018-06-26T11:57:32Z">
      <class name="com.ias.tests.LoginTest">
        <test-method status="PASS" signature="testingLoginFunctionality()[pri:0, instance:com.ias.tests.LoginTest@29f69090]" name="testingLoginFunctionality" duration-ms="25020" started-at="2018-06-26T11:57:07Z" finished-at="2018-06-26T11:57:32Z">
          <reporter-output>
          </reporter-output>
        </test-method> <!-- testingLoginFunctionality -->
      </class> <!-- com.ias.tests.LoginTest -->
    </test> <!-- Default test -->
  </suite> <!-- Default suite -->
</testng-results>
